make all --print-data-base --no-builtin-variables --no-builtin-rules --question
make: *** No rule to make target 'all'.  Stop.

# GNU Make 4.3
 
# Built for x86_64-pc-linux-gnu
 
# Copyright (C) 1988-2020 Free Software Foundation, Inc.
 
# License GPLv3+: GNU GPL version 3 or later <http://gnu.org/licenses/gpl.html>
 
# This is free software: you are free to change and redistribute it.
# There is NO WARRANTY, to the extent permitted by law.

# Make data base, printed on Sat May  7 00:27:34 2022

# Variables

# environment
JAVA_HOME = /usr/lib/jvm/java-11-openjdk-amd64
# environment
GDK_BACKEND = x11
# environment
LC_ALL = C
# environment
GNOME_SHELL_SESSION_MODE = ubuntu
# environment
SSH_AGENT_LAUNCHER = gnome-keyring
# environment
TMPDIR = /home/spinel/go/tmp
# environment
GJS_DEBUG_OUTPUT = stderr
# environment
VSCODE_IPC_HOOK_EXTHOST = /run/user/1000/vscode-ipc-6a09d7fe-3bce-4ea5-b161-90d84e6ef82c.sock
# environment
LC_NAME = ru_RU.UTF-8
# environment
LC_NUMERIC = ru_RU.UTF-8
# environment
VSCODE_CWD = /home/spinel
# environment
LC_ADDRESS = ru_RU.UTF-8
# default
MAKE_COMMAND := make
# environment
QT_ACCESSIBILITY = 1
# environment
GOPATH = /home/spinel/go
# automatic
@D = $(patsubst %/,%,$(dir $@))
# environment
VSCODE_HANDLES_UNCAUGHT_ERRORS = true
# default
.VARIABLES := 
# environment
PWD = /home/spinel/my/ya_prakt/gophkeeper/server/gophkeeper-auth-svc
# automatic
%D = $(patsubst %/,%,$(dir $%))
# environment
PS1 = \[\033[0;34m\]\w \[\033[1;31m\][$(git-current-branch)]\[\033[0m\] $ 
# environment
XDG_DATA_DIRS = /usr/share/ubuntu-wayland:/usr/local/share/:/usr/share/:/var/lib/snapd/desktop
# automatic
^D = $(patsubst %/,%,$(dir $^))
# environment
VSCODE_LOG_STACK = false
# automatic
%F = $(notdir $%)
# environment
CONDA_PROMPT_MODIFIER = (base) 
# environment
VSCODE_CODE_CACHE_PATH = /home/spinel/.config/Code/CachedData/57fd6d0195bb9b9d1b49f6da5db789060795de47
# environment
LANG = C
# environment
XAUTHORITY = /run/user/1000/.mutter-Xwaylandauth.IA5YL1
# default
.LOADED := 
# default
.INCLUDE_DIRS = /usr/local/include /usr/include /usr/include
# makefile
MAKEFLAGS = pqrR
# makefile
CURDIR := /home/spinel/my/ya_prakt/gophkeeper/server/gophkeeper-auth-svc
# environment
PERL5LIB = /home/spinel/perl5/lib/perl5
# environment
VSCODE_PIPE_LOGGING = true
# environment
SPARK_HOME = /opt/spark
# environment
APPLICATION_INSIGHTS_NO_DIAGNOSTIC_CHANNEL = true
# environment
LESSOPEN = | /usr/bin/lesspipe %s
# automatic
*D = $(patsubst %/,%,$(dir $*))
# environment
MFLAGS = -pqrR
# environment
SSH_AUTH_SOCK = /run/user/1000/keyring/ssh
# default
.SHELLFLAGS := -c
# environment
WAYLAND_DISPLAY = wayland-0
# environment
XDG_CONFIG_DIRS = /etc/xdg/xdg-ubuntu-wayland:/etc/xdg
# automatic
+D = $(patsubst %/,%,$(dir $+))
# environment
XDG_SESSION_DESKTOP = ubuntu-wayland
# makefile (from 'Makefile', line 1)
MAKEFILE_LIST := Makefile
# environment
CONDA_SHLVL = 1
# automatic
@F = $(notdir $@)
# environment
VSCODE_VERBOSE_LOGGING = true
# environment
VSCODE_PID = 25657
# environment
XDG_SESSION_TYPE = wayland
# automatic
?D = $(patsubst %/,%,$(dir $?))
# environment
CONDA_PYTHON_EXE = /home/spinel/anaconda3/bin/python
# environment
SESSION_MANAGER = local/spinel:@/tmp/.ICE-unix/2155,unix/spinel:/tmp/.ICE-unix/2155
# automatic
*F = $(notdir $*)
# environment
CHROME_DESKTOP = code-url-handler.desktop
# environment
DBUS_SESSION_BUS_ADDRESS = unix:path=/run/user/1000/bus
# automatic
<D = $(patsubst %/,%,$(dir $<))
# environment
VSCODE_NLS_CONFIG = {"locale":"ru","availableLanguages":{"*":"ru"},"_languagePackId":"5d4e2e7eec1f49cdb26266a8ae7b02ac.ru","_translationsConfigFile":"/home/spinel/.config/Code/clp/5d4e2e7eec1f49cdb26266a8ae7b02ac.ru/tcf.json","_cacheRoot":"/home/spinel/.config/Code/clp/5d4e2e7eec1f49cdb26266a8ae7b02ac.ru","_resolvedLanguagePackCoreLocation":"/home/spinel/.config/Code/clp/5d4e2e7eec1f49cdb26266a8ae7b02ac.ru/57fd6d0195bb9b9d1b49f6da5db789060795de47","_corruptedFile":"/home/spinel/.config/Code/clp/5d4e2e7eec1f49cdb26266a8ae7b02ac.ru/corrupted.info","_languagePackSupport":true}
# default
MAKE_HOST := x86_64-pc-linux-gnu
# environment
GNOME_DESKTOP_SESSION_ID = this-is-deprecated
# environment
CONDA_PREFIX = /home/spinel/anaconda3
# makefile
SHELL = /bin/sh
# default
MAKECMDGOALS := all
# environment
XMODIFIERS = @im=ibus
# environment
GJS_DEBUG_TOPICS = JS ERROR;JS LOG
# environment
SHLVL = 0
# environment
MAKELEVEL := 0
# environment
IM_CONFIG_CHECK_ENV = 1
# default
MAKE = $(MAKE_COMMAND)
# environment
PATH = /home/spinel/bin:/home/spinel/.yarn/bin:/home/spinel/.config/yarn/global/node_modules/.bin:/home/spinel/work/eksmo/ml/harness-cli/harness-cli:/home/spinel/anaconda3/bin:/home/spinel/anaconda3/condabin:/home/spinel/perl5/bin:/home/spinel/bin/Sencha/Cmd:/home/spinel/bin:/usr/local/sbin:/usr/local/bin:/usr/sbin:/usr/bin:/sbin:/bin:/usr/games:/usr/local/games:/snap/bin:/snap/bin:/home/spinel/go/bin:/usr/local/go/bin:/opt/spark/bin:/opt/spark/sbin:/home/spinel/go/bin
# default
MAKEFILES := 
# environment
LANGUAGE = ru:en_US:en
# environment
LC_MONETARY = ru_RU.UTF-8
# automatic
^F = $(notdir $^)
# environment
LC_TIME = ru_RU.UTF-8
# environment
GOROOT = /usr/local/go
# environment
INVOCATION_ID = 49722c4afc404eeb982302e04da8787f
# environment
VSCODE_LOG_NATIVE = false
# environment
USERNAME = spinel
# environment
GNOME_SETUP_DISPLAY = :1
# environment
LC_TELEPHONE = ru_RU.UTF-8
# environment
LESSCLOSE = /usr/bin/lesspipe %s %s
# automatic
?F = $(notdir $?)
# environment
PERL_LOCAL_LIB_ROOT = /home/spinel/perl5
# environment
XDG_CURRENT_DESKTOP = Unity
# environment
LS_COLORS = 
# automatic
+F = $(notdir $+)
# environment
DESKTOP_SESSION = ubuntu-wayland
# environment
ORIGINAL_XDG_CURRENT_DESKTOP = ubuntu:GNOME
# 'override' directive
GNUMAKEFLAGS := 
# environment
CONDA_DEFAULT_ENV = base
# environment
LOGNAME = spinel
# environment
GIO_LAUNCHED_DESKTOP_FILE = /usr/share/applications/code.desktop
# makefile
.DEFAULT_GOAL := proto
# environment
SYSTEMD_EXEC_PID = 2185
# environment
DISPLAY = :0
# environment
USER = spinel
# environment
GTK_MODULES = gail:atk-bridge
# default
MAKE_VERSION := 4.3
# environment
MANAGERPID = 1627
# environment
LC_MEASUREMENT = ru_RU.UTF-8
# environment
GIO_LAUNCHED_DESKTOP_FILE_PID = 25657
# environment
_ = /usr/share/code/code
# environment
LC_PAPER = ru_RU.UTF-8
# environment
XDG_RUNTIME_DIR = /run/user/1000
# environment
JOURNAL_STREAM = 8:32362
# environment
GOMODCACHE = /home/spinel/go/pkg/mod
# environment
XDG_SESSION_CLASS = user
# environment
VSCODE_AMD_ENTRYPOINT = vs/workbench/api/node/extensionHostProcess
# environment
HOME = /home/spinel
# environment
QT_IM_MODULE = ibus
# environment
ELECTRON_RUN_AS_NODE = 1
# environment
VSCODE_IPC_HOOK = /run/user/1000/vscode-38ffac35-1.67.0-main.sock
# environment
IM_CONFIG_PHASE = 1
# environment
PAPERSIZE = a4
# environment
GOPROXY = https://proxy.golang.org,direct
# environment
PERL_MM_OPT = INSTALL_BASE=/home/spinel/perl5
# default
.RECIPEPREFIX := 
# automatic
<F = $(notdir $<)
# default
SUFFIXES := 
# environment
PERL_MB_OPT = --install_base "/home/spinel/perl5"
# default
.FEATURES := target-specific order-only second-expansion else-if shortest-stem undefine oneshell nocomment grouped-target extra-prereqs archives jobserver output-sync check-symlink load
# environment
XDG_MENU_PREFIX = gnome-
# environment
CONDA_EXE = /home/spinel/anaconda3/bin/conda
# environment
GDMSESSION = ubuntu-wayland
# environment
LC_IDENTIFICATION = ru_RU.UTF-8
# variable set hash-table stats:
# Load=128/1024=12%, Rehash=0, Collisions=9/158=6%

# Pattern-specific Variable Values

# No pattern-specific variable values.

# Directories

# . (device 2049, inode 3123100): 8 files, no impossibilities.

# 8 files, no impossibilities in 1 directories.

# Implicit Rules

 
# No implicit rules.

# Files

proto:
#  Implicit rule search has not been done.
#  Modification time never checked.
#  File has not been updated.
#  recipe to execute (from 'Makefile', line 2):
	protoc pkg/pb/*.proto --go_out=plugins=grpc:.

# Not a target:
Makefile:
#  Implicit rule search has been done.
#  Last modified 2022-05-02 23:58:17.279046007
#  File has been updated.
#  Successfully updated.

server:
#  Implicit rule search has not been done.
#  Modification time never checked.
#  File has not been updated.
#  recipe to execute (from 'Makefile', line 5):
	go run cmd/main.go

# Not a target:
.DEFAULT:
#  Implicit rule search has not been done.
#  Modification time never checked.
#  File has not been updated.

# Not a target:
all:
#  Command line target.
#  Implicit rule search has been done.
#  File does not exist.
#  File has not been updated.

# files hash-table stats:
# Load=6/1024=1%, Rehash=0, Collisions=0/16=0%
# VPATH Search Paths

# No 'vpath' search paths.

# No general ('VPATH' variable) search path.

# strcache buffers: 1 (0) / strings = 15 / storage = 112 B / avg = 7 B
# current buf: size = 8162 B / used = 112 B / count = 15 / avg = 7 B

# strcache performance: lookups = 21 / hit rate = 28%
# hash-table stats:
# Load=15/8192=0%, Rehash=0, Collisions=0/21=0%
# Finished Make data base on Sat May  7 00:27:34 2022

 
